c:\users\pablo\desktop\2do cuatrimestre\ig - informática gráfica\p.2v.4 - ig - grupo.05\proyectos_ig.01\ig.01_app\x64\debug\vc142.pdb
c:\users\pablo\desktop\2do cuatrimestre\ig - informática gráfica\p.2v.4 - ig - grupo.05\proyectos_ig.01\ig.01_app\x64\debug\vc142.idb
c:\users\pablo\desktop\2do cuatrimestre\ig - informática gráfica\p.2v.4 - ig - grupo.05\proyectos_ig.01\ig.01_app\x64\debug\viewport.obj
c:\users\pablo\desktop\2do cuatrimestre\ig - informática gráfica\p.2v.4 - ig - grupo.05\proyectos_ig.01\ig.01_app\x64\debug\texture.obj
c:\users\pablo\desktop\2do cuatrimestre\ig - informática gráfica\p.2v.4 - ig - grupo.05\proyectos_ig.01\ig.01_app\x64\debug\scene.obj
c:\users\pablo\desktop\2do cuatrimestre\ig - informática gráfica\p.2v.4 - ig - grupo.05\proyectos_ig.01\ig.01_app\x64\debug\pixmap32rgba.obj
c:\users\pablo\desktop\2do cuatrimestre\ig - informática gráfica\p.2v.4 - ig - grupo.05\proyectos_ig.01\ig.01_app\x64\debug\mesh.obj
c:\users\pablo\desktop\2do cuatrimestre\ig - informática gráfica\p.2v.4 - ig - grupo.05\proyectos_ig.01\ig.01_app\x64\debug\main.obj
c:\users\pablo\desktop\2do cuatrimestre\ig - informática gráfica\p.2v.4 - ig - grupo.05\proyectos_ig.01\ig.01_app\x64\debug\ig1app.obj
c:\users\pablo\desktop\2do cuatrimestre\ig - informática gráfica\p.2v.4 - ig - grupo.05\proyectos_ig.01\ig.01_app\x64\debug\entity.obj
c:\users\pablo\desktop\2do cuatrimestre\ig - informática gráfica\p.2v.4 - ig - grupo.05\proyectos_ig.01\ig.01_app\x64\debug\camera.obj
c:\users\pablo\desktop\2do cuatrimestre\ig - informática gráfica\p.2v.4 - ig - grupo.05\proyectos_ig.01\ig.01_app\x64\debug\light.obj
c:\users\pablo\desktop\2do cuatrimestre\ig - informática gráfica\p.2v.4 - ig - grupo.05\proyectos_ig.01\ig.01_app\x64\debug\material.obj
c:\users\pablo\desktop\2do cuatrimestre\ig - informática gráfica\p.2v.4 - ig - grupo.05\proyectos_ig.01\bin\ig1appdebug.ilk
c:\users\pablo\desktop\2do cuatrimestre\ig - informática gráfica\p.2v.4 - ig - grupo.05\proyectos_ig.01\bin\ig1appdebug.exe
c:\users\pablo\desktop\2do cuatrimestre\ig - informática gráfica\p.2v.4 - ig - grupo.05\proyectos_ig.01\bin\ig1appdebug.pdb
c:\users\pablo\desktop\2do cuatrimestre\ig - informática gráfica\p.2v.4 - ig - grupo.05\proyectos_ig.01\ig.01_app\x64\debug\ig1app.tlog\cl.command.1.tlog
c:\users\pablo\desktop\2do cuatrimestre\ig - informática gráfica\p.2v.4 - ig - grupo.05\proyectos_ig.01\ig.01_app\x64\debug\ig1app.tlog\cl.read.1.tlog
c:\users\pablo\desktop\2do cuatrimestre\ig - informática gráfica\p.2v.4 - ig - grupo.05\proyectos_ig.01\ig.01_app\x64\debug\ig1app.tlog\cl.write.1.tlog
c:\users\pablo\desktop\2do cuatrimestre\ig - informática gráfica\p.2v.4 - ig - grupo.05\proyectos_ig.01\ig.01_app\x64\debug\ig1app.tlog\link.command.1.tlog
c:\users\pablo\desktop\2do cuatrimestre\ig - informática gráfica\p.2v.4 - ig - grupo.05\proyectos_ig.01\ig.01_app\x64\debug\ig1app.tlog\link.read.1.tlog
c:\users\pablo\desktop\2do cuatrimestre\ig - informática gráfica\p.2v.4 - ig - grupo.05\proyectos_ig.01\ig.01_app\x64\debug\ig1app.tlog\link.write.1.tlog
